{"level":"info","message":"Connected to mongodb://localhost/tommyfooties...","timestamp":"2022-10-12T14:18:52.201Z"}
{"level":"info","message":"Connected to mongodb://localhost/tommyfooties...","timestamp":"2022-10-13T21:00:04.882Z"}
{"level":"info","message":"Connected to mongodb://localhost/tommyfooties...","timestamp":"2022-10-13T21:04:27.586Z"}
{"level":"info","message":"Connected to mongodb://localhost/tommyfooties...","timestamp":"2022-10-13T21:20:06.654Z"}
{"level":"info","message":"Connected to mongodb://localhost/tommyfooties...","timestamp":"2022-10-13T21:26:03.346Z"}
{"level":"info","message":"Connected to mongodb://localhost/tommyfooties...","timestamp":"2022-10-14T08:54:38.086Z"}
{"level":"info","message":"Connected to mongodb://localhost/tommyfooties...","timestamp":"2022-10-14T10:22:40.456Z"}
{"level":"info","message":"Connected to mongodb://localhost/tommyfooties...","timestamp":"2022-10-14T10:44:23.604Z"}
{"level":"info","message":"Connected to mongodb://localhost/tommyfooties...","timestamp":"2022-10-14T10:47:14.455Z"}
{"level":"info","message":"Connected to mongodb://localhost/tommyfooties...","timestamp":"2022-10-14T14:12:55.670Z"}
{"level":"info","message":"Connected to mongodb://localhost/tommyfooties...","timestamp":"2022-10-15T05:21:14.687Z"}
{"level":"info","message":"Connected to mongodb://localhost/tommyfooties...","timestamp":"2022-10-15T08:46:45.519Z"}
{"level":"info","message":"Connected to mongodb://localhost/tommyfooties...","timestamp":"2022-10-15T08:53:48.733Z"}
{"level":"info","message":"Connected to mongodb://localhost/tommyfooties...","timestamp":"2022-10-15T09:04:25.865Z"}
{"level":"info","message":"Connected to mongodb://localhost/tommyfooties...","timestamp":"2022-10-15T10:31:22.189Z"}
{"level":"info","message":"Connected to mongodb://localhost/tommyfooties...","timestamp":"2022-10-15T10:34:11.328Z"}
{"level":"info","message":"Connected to mongodb://localhost/tommyfooties...","timestamp":"2022-10-15T10:36:19.673Z"}
{"level":"info","message":"Connected to mongodb://localhost/tommyfooties...","timestamp":"2022-10-15T11:03:20.154Z"}
{"level":"info","message":"Connected to mongodb://localhost/tommyfooties...","timestamp":"2022-10-15T11:05:51.411Z"}
{"level":"info","message":"Connected to mongodb://localhost/tommyfooties...","timestamp":"2022-10-15T11:06:57.632Z"}
{"level":"info","message":"Connected to mongodb://localhost/tommyfooties...","timestamp":"2022-10-15T11:18:58.030Z"}
{"level":"info","message":"Connected to mongodb://localhost/tommyfooties...","timestamp":"2022-10-15T11:22:50.173Z"}
{"level":"info","message":"Connected to mongodb://localhost/tommyfooties...","timestamp":"2022-10-15T11:30:15.334Z"}
{"level":"info","message":"Connected to mongodb://localhost/tommyfooties...","timestamp":"2022-10-15T12:05:54.952Z"}
{"level":"info","message":"Connected to mongodb://localhost/tommyfooties...","timestamp":"2022-10-15T12:27:13.067Z"}
{"level":"info","message":"Connected to mongodb://localhost/tommyfooties...","timestamp":"2022-10-15T12:29:10.750Z"}
{"level":"info","message":"Connected to mongodb://localhost/tommyfooties...","timestamp":"2022-10-15T12:31:34.076Z"}
{"level":"info","message":"Connected to mongodb://localhost/tommyfooties...","timestamp":"2022-10-15T12:39:20.023Z"}
{"level":"info","message":"Connected to mongodb://localhost/tommyfooties...","timestamp":"2022-10-15T12:45:17.070Z"}
{"level":"info","message":"Connected to mongodb://localhost/tommyfooties...","timestamp":"2022-10-15T13:01:16.146Z"}
{"level":"info","message":"Connected to mongodb://localhost/tommyfooties...","timestamp":"2022-10-15T13:10:06.075Z"}
{"level":"info","message":"Connected to mongodb://localhost/tommyfooties...","timestamp":"2022-10-15T15:10:42.966Z"}
{"level":"info","message":"Connected to mongodb://localhost/tommyfooties...","timestamp":"2022-10-15T15:48:06.062Z"}
{"level":"info","message":"Connected to mongodb://localhost/tommyfooties...","timestamp":"2022-10-15T16:29:43.061Z"}
{"level":"info","message":"Connected to mongodb://localhost/tommyfooties...","timestamp":"2022-10-15T16:36:12.632Z"}
{"level":"info","message":"Connected to mongodb://localhost/tommyfooties...","timestamp":"2022-10-15T16:56:21.143Z"}
{"level":"info","message":"Connected to mongodb://localhost/tommyfooties...","timestamp":"2022-10-15T16:58:20.730Z"}
{"level":"info","message":"Connected to mongodb://localhost/tommyfooties...","timestamp":"2022-10-15T16:59:09.527Z"}
{"level":"info","message":"Connected to mongodb://localhost/tommyfooties...","timestamp":"2022-10-17T07:26:00.270Z"}
{"level":"info","message":"Connected to mongodb://localhost/tommyfooties...","timestamp":"2022-10-17T07:46:04.333Z"}
{"level":"info","message":"Connected to mongodb://localhost/tommyfooties...","timestamp":"2022-10-17T07:55:58.116Z"}
{"level":"info","message":"Connected to mongodb://localhost/tommyfooties...","timestamp":"2022-10-17T08:12:01.019Z"}
{"level":"info","message":"Connected to mongodb://localhost/tommyfooties...","timestamp":"2022-10-17T08:12:57.903Z"}
{"level":"info","message":"Connected to mongodb://localhost/tommyfooties...","timestamp":"2022-10-17T08:13:34.896Z"}
{"level":"info","message":"Connected to mongodb://localhost/tommyfooties...","timestamp":"2022-10-17T08:21:44.771Z"}
{"level":"info","message":"Connected to mongodb://localhost/tommyfooties...","timestamp":"2022-10-17T08:59:38.710Z"}
{"level":"info","message":"Connected to mongodb://localhost/tommyfooties...","timestamp":"2022-10-17T09:21:39.056Z"}
{"level":"info","message":"Connected to mongodb://localhost/tommyfooties...","timestamp":"2022-10-17T09:45:37.094Z"}
{"level":"info","message":"Connected to mongodb://localhost/tommyfooties...","timestamp":"2022-10-17T11:17:01.825Z"}
{"level":"info","message":"Connected to mongodb://localhost/tommyfooties...","timestamp":"2022-10-17T12:36:21.281Z"}
{"level":"info","message":"Connected to mongodb://localhost/tommyfooties...","timestamp":"2022-10-17T14:33:48.392Z"}
{"level":"info","message":"Connected to mongodb://localhost/tommyfooties...","timestamp":"2022-10-17T14:57:06.364Z"}
{"level":"info","message":"Connected to mongodb://localhost/tommyfooties...","timestamp":"2022-10-17T14:59:55.687Z"}
{"level":"info","message":"Connected to mongodb://localhost/tommyfooties...","timestamp":"2022-10-17T15:13:32.188Z"}
{"level":"info","message":"Connected to mongodb://localhost/tommyfooties...","timestamp":"2022-10-17T15:17:49.552Z"}
{"level":"info","message":"Connected to mongodb://localhost/tommyfooties...","timestamp":"2022-10-17T15:18:55.706Z"}
{"level":"info","message":"Connected to mongodb://localhost/tommyfooties...","timestamp":"2022-10-17T15:19:47.672Z"}
{"level":"info","message":"Connected to mongodb://localhost/tommyfooties...","timestamp":"2022-10-17T15:21:24.617Z"}
{"level":"info","message":"Connected to mongodb://localhost/tommyfooties...","timestamp":"2022-10-17T15:23:12.410Z"}
{"level":"info","message":"Connected to mongodb://localhost/tommyfooties...","timestamp":"2022-10-17T15:25:58.913Z"}
{"level":"info","message":"Connected to mongodb://localhost/tommyfooties...","timestamp":"2022-10-17T15:28:34.042Z"}
{"level":"info","message":"Connected to mongodb://localhost/tommyfooties...","timestamp":"2022-10-17T15:36:23.098Z"}
{"level":"info","message":"Connected to mongodb://localhost/tommyfooties...","timestamp":"2022-10-18T05:52:01.657Z"}
{"level":"info","message":"Connected to mongodb://localhost/tommyfooties...","timestamp":"2022-10-18T05:57:12.715Z"}
{"level":"info","message":"Connected to mongodb://localhost/tommyfooties...","timestamp":"2022-10-18T05:58:13.041Z"}
{"level":"info","message":"Connected to mongodb://localhost/tommyfooties...","timestamp":"2022-10-18T05:59:01.684Z"}
{"level":"info","message":"Connected to mongodb://localhost/tommyfooties...","timestamp":"2022-10-18T06:36:59.416Z"}
{"level":"info","message":"Connected to mongodb://localhost/tommyfooties...","timestamp":"2022-10-18T06:37:59.194Z"}
{"level":"info","message":"Connected to mongodb://localhost/tommyfooties...","timestamp":"2022-10-18T07:35:32.599Z"}
{"level":"info","message":"Connected to mongodb://localhost/tommyfooties...","timestamp":"2022-10-18T07:42:16.557Z"}
{"level":"info","message":"Connected to mongodb://localhost/tommyfooties...","timestamp":"2022-10-18T07:43:32.981Z"}
{"level":"info","message":"Connected to mongodb://localhost/tommyfooties...","timestamp":"2022-10-18T07:44:31.586Z"}
{"level":"info","message":"Connected to mongodb://localhost/tommyfooties...","timestamp":"2022-10-18T07:46:16.927Z"}
{"level":"info","message":"Connected to mongodb://localhost/tommyfooties...","timestamp":"2022-10-18T09:52:42.584Z"}
{"level":"info","message":"Connected to mongodb://localhost/tommyfooties...","timestamp":"2022-10-18T10:04:29.281Z"}
{"level":"info","message":"Connected to mongodb://localhost/tommyfooties...","timestamp":"2022-10-18T11:27:42.783Z"}
{"level":"info","message":"Connected to mongodb://localhost/tommyfooties...","timestamp":"2022-10-18T11:34:18.572Z"}
{"level":"info","message":"Connected to mongodb://localhost/tommyfooties...","timestamp":"2022-10-18T11:35:18.428Z"}
{"level":"info","message":"Connected to mongodb://localhost/tommyfooties...","timestamp":"2022-10-18T11:40:18.966Z"}
{"level":"info","message":"Connected to mongodb://localhost/tommyfooties...","timestamp":"2022-10-18T11:41:58.514Z"}
{"level":"info","message":"Connected to mongodb://localhost/tommyfooties...","timestamp":"2022-10-18T11:52:14.118Z"}
{"level":"info","message":"Connected to mongodb://localhost/tommyfooties...","timestamp":"2022-10-18T11:56:14.865Z"}
{"level":"info","message":"Connected to mongodb://localhost/tommyfooties...","timestamp":"2022-10-18T12:00:19.086Z"}
{"level":"info","message":"Connected to mongodb://localhost/tommyfooties...","timestamp":"2022-10-18T12:02:48.255Z"}
{"level":"info","message":"Connected to mongodb://localhost/tommyfooties...","timestamp":"2022-10-18T12:04:13.304Z"}
{"level":"info","message":"Connected to mongodb://localhost/tommyfooties...","timestamp":"2022-10-18T12:12:03.903Z"}
{"level":"info","message":"Connected to mongodb://localhost/tommyfooties...","timestamp":"2022-10-18T12:37:10.722Z"}
{"level":"info","message":"Connected to mongodb://localhost/tommyfooties...","timestamp":"2022-10-19T10:59:17.382Z"}
{"level":"info","message":"Connected to mongodb://localhost/tommyfooties...","timestamp":"2022-10-19T11:01:12.122Z"}
{"level":"info","message":"Connected to mongodb://localhost/tommyfooties...","timestamp":"2022-10-19T11:10:26.995Z"}
{"level":"info","message":"Connected to mongodb://localhost/tommyfooties...","timestamp":"2022-10-19T11:24:28.112Z"}
{"level":"info","message":"Connected to mongodb://localhost/tommyfooties...","timestamp":"2022-10-19T11:25:47.476Z"}
{"level":"info","message":"Connected to mongodb://localhost/tommyfooties...","timestamp":"2022-10-19T11:27:01.942Z"}
{"level":"info","message":"Connected to mongodb://localhost/tommyfooties...","timestamp":"2022-10-19T11:28:46.157Z"}
{"level":"info","message":"Connected to mongodb://localhost/tommyfooties...","timestamp":"2022-10-19T12:03:01.752Z"}
{"level":"info","message":"Connected to mongodb://localhost/tommyfooties...","timestamp":"2022-10-19T12:19:45.727Z"}
{"level":"info","message":"Connected to mongodb://localhost/tommyfooties...","timestamp":"2022-10-19T12:22:04.679Z"}
{"level":"info","message":"Connected to mongodb://localhost/tommyfooties...","timestamp":"2022-10-19T12:29:34.595Z"}
{"level":"info","message":"Connected to mongodb://localhost/tommyfooties...","timestamp":"2022-10-19T12:35:09.204Z"}
{"level":"info","message":"Connected to mongodb://localhost/tommyfooties...","timestamp":"2022-10-19T12:36:23.283Z"}
{"level":"info","message":"Connected to mongodb://localhost/tommyfooties...","timestamp":"2022-10-19T12:37:29.972Z"}
{"level":"info","message":"Connected to mongodb://localhost/tommyfooties...","timestamp":"2022-10-19T12:38:59.959Z"}
{"level":"info","message":"Connected to mongodb://localhost/tommyfooties...","timestamp":"2022-10-19T12:40:18.256Z"}
{"level":"info","message":"Connected to mongodb://localhost/tommyfooties...","timestamp":"2022-10-19T12:41:12.936Z"}
{"level":"info","message":"Connected to mongodb://localhost/tommyfooties...","timestamp":"2022-10-19T12:45:43.584Z"}
{"level":"info","message":"Connected to mongodb://localhost/tommyfooties...","timestamp":"2022-10-19T12:46:44.798Z"}
{"level":"info","message":"Connected to mongodb://localhost/tommyfooties...","timestamp":"2022-10-19T13:00:11.453Z"}
{"level":"info","message":"Connected to mongodb://localhost/vidly...","timestamp":"2022-10-20T08:08:54.461Z"}
{"level":"info","message":"Connected to mongodb://localhost/tommyfooties...","timestamp":"2022-10-20T08:18:19.966Z"}
{"level":"info","message":"Connected to mongodb://localhost/tommyfooties...","timestamp":"2022-10-20T08:26:32.982Z"}
{"level":"info","message":"Connected to mongodb://localhost/tommyfooties...","timestamp":"2022-10-20T08:32:08.451Z"}
{"level":"info","message":"Connected to mongodb://localhost/tommyfooties...","timestamp":"2022-10-20T08:35:31.548Z"}
{"level":"info","message":"Connected to mongodb://localhost/tommyfooties...","timestamp":"2022-10-20T08:37:12.865Z"}
{"level":"info","message":"Connected to mongodb://localhost/tommyfooties...","timestamp":"2022-10-20T08:38:10.036Z"}
{"level":"info","message":"Connected to mongodb://localhost/tommyfooties...","timestamp":"2022-10-20T08:38:46.607Z"}
{"level":"info","message":"Connected to mongodb://localhost/tommyfooties...","timestamp":"2022-10-20T08:39:32.231Z"}
{"level":"info","message":"Connected to mongodb://localhost/tommyfooties...","timestamp":"2022-10-20T08:40:41.023Z"}
{"level":"info","message":"Connected to mongodb://localhost/tommyfooties...","timestamp":"2022-10-20T08:41:52.111Z"}
{"level":"info","message":"Connected to mongodb://localhost/tommyfooties...","timestamp":"2022-10-20T08:59:32.182Z"}
{"message":"endpointSecret is not defined","stack":"ReferenceError: endpointSecret is not defined\n    at C:\\Users\\Hp\\integration\\api\\routes\\stripe.js:154:5\n    at Layer.handle [as handle_request] (C:\\Users\\Hp\\integration\\api\\node_modules\\express\\lib\\router\\layer.js:95:5)\n    at next (C:\\Users\\Hp\\integration\\api\\node_modules\\express\\lib\\router\\route.js:137:13)\n    at jsonParser (C:\\Users\\Hp\\integration\\api\\node_modules\\body-parser\\lib\\types\\json.js:101:7)\n    at Layer.handle [as handle_request] (C:\\Users\\Hp\\integration\\api\\node_modules\\express\\lib\\router\\layer.js:95:5)\n    at next (C:\\Users\\Hp\\integration\\api\\node_modules\\express\\lib\\router\\route.js:137:13)\n    at Route.dispatch (C:\\Users\\Hp\\integration\\api\\node_modules\\express\\lib\\router\\route.js:112:3)\n    at Layer.handle [as handle_request] (C:\\Users\\Hp\\integration\\api\\node_modules\\express\\lib\\router\\layer.js:95:5)\n    at C:\\Users\\Hp\\integration\\api\\node_modules\\express\\lib\\router\\index.js:281:22\n    at Function.process_params (C:\\Users\\Hp\\integration\\api\\node_modules\\express\\lib\\router\\index.js:335:12)","level":"error","timestamp":"2022-10-20T09:00:06.928Z"}
{"level":"info","message":"Connected to mongodb://localhost/tommyfooties...","timestamp":"2022-10-20T09:00:41.444Z"}
{"level":"info","message":"Connected to mongodb://localhost/tommyfooties...","timestamp":"2022-10-20T09:01:17.437Z"}
{"level":"info","message":"Connected to mongodb://localhost/tommyfooties...","timestamp":"2022-10-20T09:02:03.971Z"}
{"message":"whsec_8d16263d51820da43909d60ea2cf082a29c9362e7a6c96a233fc8e3f1cc39d88 is not defined","stack":"ReferenceError: whsec_8d16263d51820da43909d60ea2cf082a29c9362e7a6c96a233fc8e3f1cc39d88 is not defined\n    at C:\\Users\\Hp\\integration\\api\\routes\\stripe.js:149:5\n    at Layer.handle [as handle_request] (C:\\Users\\Hp\\integration\\api\\node_modules\\express\\lib\\router\\layer.js:95:5)\n    at next (C:\\Users\\Hp\\integration\\api\\node_modules\\express\\lib\\router\\route.js:137:13)\n    at jsonParser (C:\\Users\\Hp\\integration\\api\\node_modules\\body-parser\\lib\\types\\json.js:101:7)\n    at Layer.handle [as handle_request] (C:\\Users\\Hp\\integration\\api\\node_modules\\express\\lib\\router\\layer.js:95:5)\n    at next (C:\\Users\\Hp\\integration\\api\\node_modules\\express\\lib\\router\\route.js:137:13)\n    at Route.dispatch (C:\\Users\\Hp\\integration\\api\\node_modules\\express\\lib\\router\\route.js:112:3)\n    at Layer.handle [as handle_request] (C:\\Users\\Hp\\integration\\api\\node_modules\\express\\lib\\router\\layer.js:95:5)\n    at C:\\Users\\Hp\\integration\\api\\node_modules\\express\\lib\\router\\index.js:281:22\n    at Function.process_params (C:\\Users\\Hp\\integration\\api\\node_modules\\express\\lib\\router\\index.js:335:12)","level":"error","timestamp":"2022-10-20T09:02:09.070Z"}
{"level":"info","message":"Connected to mongodb://localhost/tommyfooties...","timestamp":"2022-10-20T09:02:48.188Z"}
{"level":"info","message":"Connected to mongodb://localhost/tommyfooties...","timestamp":"2022-10-20T09:03:51.474Z"}
{"level":"info","message":"Connected to mongodb://localhost/tommyfooties...","timestamp":"2022-10-20T09:06:39.544Z"}
{"level":"info","message":"Connected to mongodb://localhost/tommyfooties...","timestamp":"2022-10-20T09:08:08.154Z"}
{"level":"info","message":"Connected to mongodb://localhost/tommyfooties...","timestamp":"2022-10-20T09:09:38.198Z"}
{"level":"info","message":"Connected to mongodb://localhost/tommyfooties...","timestamp":"2022-10-22T12:53:13.995Z"}
{"message":"initializePayment is not a function","stack":"TypeError: initializePayment is not a function\n    at C:\\Users\\Hp\\integration\\api\\routes\\paystacks.js:15:3\n    at newFn (C:\\Users\\Hp\\integration\\api\\node_modules\\express-async-errors\\index.js:16:20)\n    at Layer.handle [as handle_request] (C:\\Users\\Hp\\integration\\api\\node_modules\\express\\lib\\router\\layer.js:95:5)\n    at next (C:\\Users\\Hp\\integration\\api\\node_modules\\express\\lib\\router\\route.js:137:13)\n    at Route.dispatch (C:\\Users\\Hp\\integration\\api\\node_modules\\express\\lib\\router\\route.js:112:3)\n    at newFn (C:\\Users\\Hp\\integration\\api\\node_modules\\express-async-errors\\index.js:16:20)\n    at Layer.handle [as handle_request] (C:\\Users\\Hp\\integration\\api\\node_modules\\express\\lib\\router\\layer.js:95:5)\n    at C:\\Users\\Hp\\integration\\api\\node_modules\\express\\lib\\router\\index.js:281:22\n    at Function.process_params (C:\\Users\\Hp\\integration\\api\\node_modules\\express\\lib\\router\\index.js:335:12)\n    at next (C:\\Users\\Hp\\integration\\api\\node_modules\\express\\lib\\router\\index.js:275:10)","level":"error","timestamp":"2022-10-22T13:05:00.392Z"}
{"message":"initializePayment is not a function","stack":"TypeError: initializePayment is not a function\n    at C:\\Users\\Hp\\integration\\api\\routes\\paystacks.js:15:3\n    at newFn (C:\\Users\\Hp\\integration\\api\\node_modules\\express-async-errors\\index.js:16:20)\n    at Layer.handle [as handle_request] (C:\\Users\\Hp\\integration\\api\\node_modules\\express\\lib\\router\\layer.js:95:5)\n    at next (C:\\Users\\Hp\\integration\\api\\node_modules\\express\\lib\\router\\route.js:137:13)\n    at Route.dispatch (C:\\Users\\Hp\\integration\\api\\node_modules\\express\\lib\\router\\route.js:112:3)\n    at newFn (C:\\Users\\Hp\\integration\\api\\node_modules\\express-async-errors\\index.js:16:20)\n    at Layer.handle [as handle_request] (C:\\Users\\Hp\\integration\\api\\node_modules\\express\\lib\\router\\layer.js:95:5)\n    at C:\\Users\\Hp\\integration\\api\\node_modules\\express\\lib\\router\\index.js:281:22\n    at Function.process_params (C:\\Users\\Hp\\integration\\api\\node_modules\\express\\lib\\router\\index.js:335:12)\n    at next (C:\\Users\\Hp\\integration\\api\\node_modules\\express\\lib\\router\\index.js:275:10)","level":"error","timestamp":"2022-10-22T13:05:27.122Z"}
{"message":"initializePayment is not a function","stack":"TypeError: initializePayment is not a function\n    at C:\\Users\\Hp\\integration\\api\\routes\\paystacks.js:15:3\n    at newFn (C:\\Users\\Hp\\integration\\api\\node_modules\\express-async-errors\\index.js:16:20)\n    at Layer.handle [as handle_request] (C:\\Users\\Hp\\integration\\api\\node_modules\\express\\lib\\router\\layer.js:95:5)\n    at next (C:\\Users\\Hp\\integration\\api\\node_modules\\express\\lib\\router\\route.js:137:13)\n    at Route.dispatch (C:\\Users\\Hp\\integration\\api\\node_modules\\express\\lib\\router\\route.js:112:3)\n    at newFn (C:\\Users\\Hp\\integration\\api\\node_modules\\express-async-errors\\index.js:16:20)\n    at Layer.handle [as handle_request] (C:\\Users\\Hp\\integration\\api\\node_modules\\express\\lib\\router\\layer.js:95:5)\n    at C:\\Users\\Hp\\integration\\api\\node_modules\\express\\lib\\router\\index.js:281:22\n    at Function.process_params (C:\\Users\\Hp\\integration\\api\\node_modules\\express\\lib\\router\\index.js:335:12)\n    at next (C:\\Users\\Hp\\integration\\api\\node_modules\\express\\lib\\router\\index.js:275:10)","level":"error","timestamp":"2022-10-22T13:10:55.267Z"}
{"message":"initializePayment is not a function","stack":"TypeError: initializePayment is not a function\n    at C:\\Users\\Hp\\integration\\api\\routes\\paystacks.js:15:3\n    at newFn (C:\\Users\\Hp\\integration\\api\\node_modules\\express-async-errors\\index.js:16:20)\n    at Layer.handle [as handle_request] (C:\\Users\\Hp\\integration\\api\\node_modules\\express\\lib\\router\\layer.js:95:5)\n    at next (C:\\Users\\Hp\\integration\\api\\node_modules\\express\\lib\\router\\route.js:137:13)\n    at Route.dispatch (C:\\Users\\Hp\\integration\\api\\node_modules\\express\\lib\\router\\route.js:112:3)\n    at newFn (C:\\Users\\Hp\\integration\\api\\node_modules\\express-async-errors\\index.js:16:20)\n    at Layer.handle [as handle_request] (C:\\Users\\Hp\\integration\\api\\node_modules\\express\\lib\\router\\layer.js:95:5)\n    at C:\\Users\\Hp\\integration\\api\\node_modules\\express\\lib\\router\\index.js:281:22\n    at Function.process_params (C:\\Users\\Hp\\integration\\api\\node_modules\\express\\lib\\router\\index.js:335:12)\n    at next (C:\\Users\\Hp\\integration\\api\\node_modules\\express\\lib\\router\\index.js:275:10)","level":"error","timestamp":"2022-10-22T13:18:32.044Z"}
{"message":"initializePayment is not a function","stack":"TypeError: initializePayment is not a function\n    at C:\\Users\\Hp\\integration\\api\\routes\\paystacks.js:15:3\n    at newFn (C:\\Users\\Hp\\integration\\api\\node_modules\\express-async-errors\\index.js:16:20)\n    at Layer.handle [as handle_request] (C:\\Users\\Hp\\integration\\api\\node_modules\\express\\lib\\router\\layer.js:95:5)\n    at next (C:\\Users\\Hp\\integration\\api\\node_modules\\express\\lib\\router\\route.js:137:13)\n    at Route.dispatch (C:\\Users\\Hp\\integration\\api\\node_modules\\express\\lib\\router\\route.js:112:3)\n    at newFn (C:\\Users\\Hp\\integration\\api\\node_modules\\express-async-errors\\index.js:16:20)\n    at Layer.handle [as handle_request] (C:\\Users\\Hp\\integration\\api\\node_modules\\express\\lib\\router\\layer.js:95:5)\n    at C:\\Users\\Hp\\integration\\api\\node_modules\\express\\lib\\router\\index.js:281:22\n    at Function.process_params (C:\\Users\\Hp\\integration\\api\\node_modules\\express\\lib\\router\\index.js:335:12)\n    at next (C:\\Users\\Hp\\integration\\api\\node_modules\\express\\lib\\router\\index.js:275:10)","level":"error","timestamp":"2022-10-22T13:18:37.580Z"}
{"message":"initializePayment is not a function","stack":"TypeError: initializePayment is not a function\n    at C:\\Users\\Hp\\integration\\api\\routes\\paystacks.js:15:3\n    at newFn (C:\\Users\\Hp\\integration\\api\\node_modules\\express-async-errors\\index.js:16:20)\n    at Layer.handle [as handle_request] (C:\\Users\\Hp\\integration\\api\\node_modules\\express\\lib\\router\\layer.js:95:5)\n    at next (C:\\Users\\Hp\\integration\\api\\node_modules\\express\\lib\\router\\route.js:137:13)\n    at Route.dispatch (C:\\Users\\Hp\\integration\\api\\node_modules\\express\\lib\\router\\route.js:112:3)\n    at newFn (C:\\Users\\Hp\\integration\\api\\node_modules\\express-async-errors\\index.js:16:20)\n    at Layer.handle [as handle_request] (C:\\Users\\Hp\\integration\\api\\node_modules\\express\\lib\\router\\layer.js:95:5)\n    at C:\\Users\\Hp\\integration\\api\\node_modules\\express\\lib\\router\\index.js:281:22\n    at Function.process_params (C:\\Users\\Hp\\integration\\api\\node_modules\\express\\lib\\router\\index.js:335:12)\n    at next (C:\\Users\\Hp\\integration\\api\\node_modules\\express\\lib\\router\\index.js:275:10)","level":"error","timestamp":"2022-10-22T13:19:12.210Z"}
{"message":"initializePayment is not a function","stack":"TypeError: initializePayment is not a function\n    at C:\\Users\\Hp\\integration\\api\\routes\\paystacks.js:15:3\n    at newFn (C:\\Users\\Hp\\integration\\api\\node_modules\\express-async-errors\\index.js:16:20)\n    at Layer.handle [as handle_request] (C:\\Users\\Hp\\integration\\api\\node_modules\\express\\lib\\router\\layer.js:95:5)\n    at next (C:\\Users\\Hp\\integration\\api\\node_modules\\express\\lib\\router\\route.js:137:13)\n    at Route.dispatch (C:\\Users\\Hp\\integration\\api\\node_modules\\express\\lib\\router\\route.js:112:3)\n    at newFn (C:\\Users\\Hp\\integration\\api\\node_modules\\express-async-errors\\index.js:16:20)\n    at Layer.handle [as handle_request] (C:\\Users\\Hp\\integration\\api\\node_modules\\express\\lib\\router\\layer.js:95:5)\n    at C:\\Users\\Hp\\integration\\api\\node_modules\\express\\lib\\router\\index.js:281:22\n    at Function.process_params (C:\\Users\\Hp\\integration\\api\\node_modules\\express\\lib\\router\\index.js:335:12)\n    at next (C:\\Users\\Hp\\integration\\api\\node_modules\\express\\lib\\router\\index.js:275:10)","level":"error","timestamp":"2022-10-22T13:19:17.251Z"}
{"message":"initializePayment is not a function","stack":"TypeError: initializePayment is not a function\n    at C:\\Users\\Hp\\integration\\api\\routes\\paystacks.js:15:3\n    at newFn (C:\\Users\\Hp\\integration\\api\\node_modules\\express-async-errors\\index.js:16:20)\n    at Layer.handle [as handle_request] (C:\\Users\\Hp\\integration\\api\\node_modules\\express\\lib\\router\\layer.js:95:5)\n    at next (C:\\Users\\Hp\\integration\\api\\node_modules\\express\\lib\\router\\route.js:137:13)\n    at Route.dispatch (C:\\Users\\Hp\\integration\\api\\node_modules\\express\\lib\\router\\route.js:112:3)\n    at newFn (C:\\Users\\Hp\\integration\\api\\node_modules\\express-async-errors\\index.js:16:20)\n    at Layer.handle [as handle_request] (C:\\Users\\Hp\\integration\\api\\node_modules\\express\\lib\\router\\layer.js:95:5)\n    at C:\\Users\\Hp\\integration\\api\\node_modules\\express\\lib\\router\\index.js:281:22\n    at Function.process_params (C:\\Users\\Hp\\integration\\api\\node_modules\\express\\lib\\router\\index.js:335:12)\n    at next (C:\\Users\\Hp\\integration\\api\\node_modules\\express\\lib\\router\\index.js:275:10)","level":"error","timestamp":"2022-10-22T13:31:49.208Z"}
{"level":"info","message":"Connected to mongodb://localhost/tommyfooties...","timestamp":"2022-10-23T17:54:05.598Z"}
{"message":"initializePayment is not a function","stack":"TypeError: initializePayment is not a function\n    at C:\\Users\\Hp\\integration\\api\\routes\\paystacks.js:15:3\n    at newFn (C:\\Users\\Hp\\integration\\api\\node_modules\\express-async-errors\\index.js:16:20)\n    at Layer.handle [as handle_request] (C:\\Users\\Hp\\integration\\api\\node_modules\\express\\lib\\router\\layer.js:95:5)\n    at next (C:\\Users\\Hp\\integration\\api\\node_modules\\express\\lib\\router\\route.js:137:13)\n    at Route.dispatch (C:\\Users\\Hp\\integration\\api\\node_modules\\express\\lib\\router\\route.js:112:3)\n    at newFn (C:\\Users\\Hp\\integration\\api\\node_modules\\express-async-errors\\index.js:16:20)\n    at Layer.handle [as handle_request] (C:\\Users\\Hp\\integration\\api\\node_modules\\express\\lib\\router\\layer.js:95:5)\n    at C:\\Users\\Hp\\integration\\api\\node_modules\\express\\lib\\router\\index.js:281:22\n    at Function.process_params (C:\\Users\\Hp\\integration\\api\\node_modules\\express\\lib\\router\\index.js:335:12)\n    at next (C:\\Users\\Hp\\integration\\api\\node_modules\\express\\lib\\router\\index.js:275:10)","level":"error","timestamp":"2022-10-23T17:57:34.111Z"}
{"message":"initializePayment is not a function","stack":"TypeError: initializePayment is not a function\n    at C:\\Users\\Hp\\integration\\api\\routes\\paystacks.js:15:3\n    at newFn (C:\\Users\\Hp\\integration\\api\\node_modules\\express-async-errors\\index.js:16:20)\n    at Layer.handle [as handle_request] (C:\\Users\\Hp\\integration\\api\\node_modules\\express\\lib\\router\\layer.js:95:5)\n    at next (C:\\Users\\Hp\\integration\\api\\node_modules\\express\\lib\\router\\route.js:137:13)\n    at Route.dispatch (C:\\Users\\Hp\\integration\\api\\node_modules\\express\\lib\\router\\route.js:112:3)\n    at newFn (C:\\Users\\Hp\\integration\\api\\node_modules\\express-async-errors\\index.js:16:20)\n    at Layer.handle [as handle_request] (C:\\Users\\Hp\\integration\\api\\node_modules\\express\\lib\\router\\layer.js:95:5)\n    at C:\\Users\\Hp\\integration\\api\\node_modules\\express\\lib\\router\\index.js:281:22\n    at Function.process_params (C:\\Users\\Hp\\integration\\api\\node_modules\\express\\lib\\router\\index.js:335:12)\n    at next (C:\\Users\\Hp\\integration\\api\\node_modules\\express\\lib\\router\\index.js:275:10)","level":"error","timestamp":"2022-10-23T17:57:40.267Z"}
{"message":"initializePayment is not a function","stack":"TypeError: initializePayment is not a function\n    at C:\\Users\\Hp\\integration\\api\\routes\\paystacks.js:15:3\n    at newFn (C:\\Users\\Hp\\integration\\api\\node_modules\\express-async-errors\\index.js:16:20)\n    at Layer.handle [as handle_request] (C:\\Users\\Hp\\integration\\api\\node_modules\\express\\lib\\router\\layer.js:95:5)\n    at next (C:\\Users\\Hp\\integration\\api\\node_modules\\express\\lib\\router\\route.js:137:13)\n    at Route.dispatch (C:\\Users\\Hp\\integration\\api\\node_modules\\express\\lib\\router\\route.js:112:3)\n    at newFn (C:\\Users\\Hp\\integration\\api\\node_modules\\express-async-errors\\index.js:16:20)\n    at Layer.handle [as handle_request] (C:\\Users\\Hp\\integration\\api\\node_modules\\express\\lib\\router\\layer.js:95:5)\n    at C:\\Users\\Hp\\integration\\api\\node_modules\\express\\lib\\router\\index.js:281:22\n    at Function.process_params (C:\\Users\\Hp\\integration\\api\\node_modules\\express\\lib\\router\\index.js:335:12)\n    at next (C:\\Users\\Hp\\integration\\api\\node_modules\\express\\lib\\router\\index.js:275:10)","level":"error","timestamp":"2022-10-23T17:57:52.751Z"}
{"message":"initializePayment is not a function","stack":"TypeError: initializePayment is not a function\n    at C:\\Users\\Hp\\integration\\api\\routes\\paystacks.js:15:3\n    at newFn (C:\\Users\\Hp\\integration\\api\\node_modules\\express-async-errors\\index.js:16:20)\n    at Layer.handle [as handle_request] (C:\\Users\\Hp\\integration\\api\\node_modules\\express\\lib\\router\\layer.js:95:5)\n    at next (C:\\Users\\Hp\\integration\\api\\node_modules\\express\\lib\\router\\route.js:137:13)\n    at Route.dispatch (C:\\Users\\Hp\\integration\\api\\node_modules\\express\\lib\\router\\route.js:112:3)\n    at newFn (C:\\Users\\Hp\\integration\\api\\node_modules\\express-async-errors\\index.js:16:20)\n    at Layer.handle [as handle_request] (C:\\Users\\Hp\\integration\\api\\node_modules\\express\\lib\\router\\layer.js:95:5)\n    at C:\\Users\\Hp\\integration\\api\\node_modules\\express\\lib\\router\\index.js:281:22\n    at Function.process_params (C:\\Users\\Hp\\integration\\api\\node_modules\\express\\lib\\router\\index.js:335:12)\n    at next (C:\\Users\\Hp\\integration\\api\\node_modules\\express\\lib\\router\\index.js:275:10)","level":"error","timestamp":"2022-10-23T17:57:54.313Z"}
{"message":"initializePayment is not a function","stack":"TypeError: initializePayment is not a function\n    at C:\\Users\\Hp\\integration\\api\\routes\\paystacks.js:15:3\n    at newFn (C:\\Users\\Hp\\integration\\api\\node_modules\\express-async-errors\\index.js:16:20)\n    at Layer.handle [as handle_request] (C:\\Users\\Hp\\integration\\api\\node_modules\\express\\lib\\router\\layer.js:95:5)\n    at next (C:\\Users\\Hp\\integration\\api\\node_modules\\express\\lib\\router\\route.js:137:13)\n    at Route.dispatch (C:\\Users\\Hp\\integration\\api\\node_modules\\express\\lib\\router\\route.js:112:3)\n    at newFn (C:\\Users\\Hp\\integration\\api\\node_modules\\express-async-errors\\index.js:16:20)\n    at Layer.handle [as handle_request] (C:\\Users\\Hp\\integration\\api\\node_modules\\express\\lib\\router\\layer.js:95:5)\n    at C:\\Users\\Hp\\integration\\api\\node_modules\\express\\lib\\router\\index.js:281:22\n    at Function.process_params (C:\\Users\\Hp\\integration\\api\\node_modules\\express\\lib\\router\\index.js:335:12)\n    at next (C:\\Users\\Hp\\integration\\api\\node_modules\\express\\lib\\router\\index.js:275:10)","level":"error","timestamp":"2022-10-23T18:00:21.936Z"}
{"message":"Cannot read properties of undefined (reading 'map')","stack":"TypeError: Cannot read properties of undefined (reading 'map')\n    at C:\\Users\\Hp\\integration\\api\\routes\\stripe.js:35:41\n    at processTicksAndRejections (node:internal/process/task_queues:96:5)","level":"error","timestamp":"2022-10-23T18:01:26.864Z"}
{"message":"Cannot read properties of undefined (reading 'map')","stack":"TypeError: Cannot read properties of undefined (reading 'map')\n    at C:\\Users\\Hp\\integration\\api\\routes\\stripe.js:35:41\n    at processTicksAndRejections (node:internal/process/task_queues:96:5)","level":"error","timestamp":"2022-10-23T18:01:31.818Z"}
{"level":"info","message":"Connected to mongodb://localhost/tommyfooties...","timestamp":"2022-10-23T20:39:41.847Z"}
{"level":"info","message":"Connected to mongodb://localhost/tommyfooties...","timestamp":"2022-10-23T20:47:58.154Z"}
{"level":"info","message":"Connected to mongodb://localhost/tommyfooties...","timestamp":"2022-10-23T20:49:56.263Z"}
{"message":"initializePayment is not a function","stack":"TypeError: initializePayment is not a function\n    at C:\\Users\\Hp\\integration\\api\\routes\\paystacks.js:15:3\n    at newFn (C:\\Users\\Hp\\integration\\api\\node_modules\\express-async-errors\\index.js:16:20)\n    at Layer.handle [as handle_request] (C:\\Users\\Hp\\integration\\api\\node_modules\\express\\lib\\router\\layer.js:95:5)\n    at next (C:\\Users\\Hp\\integration\\api\\node_modules\\express\\lib\\router\\route.js:137:13)\n    at Route.dispatch (C:\\Users\\Hp\\integration\\api\\node_modules\\express\\lib\\router\\route.js:112:3)\n    at newFn (C:\\Users\\Hp\\integration\\api\\node_modules\\express-async-errors\\index.js:16:20)\n    at Layer.handle [as handle_request] (C:\\Users\\Hp\\integration\\api\\node_modules\\express\\lib\\router\\layer.js:95:5)\n    at C:\\Users\\Hp\\integration\\api\\node_modules\\express\\lib\\router\\index.js:281:22\n    at Function.process_params (C:\\Users\\Hp\\integration\\api\\node_modules\\express\\lib\\router\\index.js:335:12)\n    at next (C:\\Users\\Hp\\integration\\api\\node_modules\\express\\lib\\router\\index.js:275:10)","level":"error","timestamp":"2022-10-23T20:50:04.165Z"}
{"level":"info","message":"Connected to mongodb://localhost/tommyfooties...","timestamp":"2022-10-23T20:53:24.670Z"}
{"message":"initializePayment is not a function","stack":"TypeError: initializePayment is not a function\n    at C:\\Users\\Hp\\integration\\api\\routes\\paystacks.js:15:3\n    at newFn (C:\\Users\\Hp\\integration\\api\\node_modules\\express-async-errors\\index.js:16:20)\n    at Layer.handle [as handle_request] (C:\\Users\\Hp\\integration\\api\\node_modules\\express\\lib\\router\\layer.js:95:5)\n    at next (C:\\Users\\Hp\\integration\\api\\node_modules\\express\\lib\\router\\route.js:137:13)\n    at Route.dispatch (C:\\Users\\Hp\\integration\\api\\node_modules\\express\\lib\\router\\route.js:112:3)\n    at newFn (C:\\Users\\Hp\\integration\\api\\node_modules\\express-async-errors\\index.js:16:20)\n    at Layer.handle [as handle_request] (C:\\Users\\Hp\\integration\\api\\node_modules\\express\\lib\\router\\layer.js:95:5)\n    at C:\\Users\\Hp\\integration\\api\\node_modules\\express\\lib\\router\\index.js:281:22\n    at Function.process_params (C:\\Users\\Hp\\integration\\api\\node_modules\\express\\lib\\router\\index.js:335:12)\n    at next (C:\\Users\\Hp\\integration\\api\\node_modules\\express\\lib\\router\\index.js:275:10)","level":"error","timestamp":"2022-10-23T20:53:29.982Z"}
{"message":"verifyPayment is not a function","stack":"TypeError: verifyPayment is not a function\n    at C:\\Users\\Hp\\integration\\api\\routes\\paystacks.js:27:3\n    at newFn (C:\\Users\\Hp\\integration\\api\\node_modules\\express-async-errors\\index.js:16:20)\n    at Layer.handle [as handle_request] (C:\\Users\\Hp\\integration\\api\\node_modules\\express\\lib\\router\\layer.js:95:5)\n    at next (C:\\Users\\Hp\\integration\\api\\node_modules\\express\\lib\\router\\route.js:137:13)\n    at Route.dispatch (C:\\Users\\Hp\\integration\\api\\node_modules\\express\\lib\\router\\route.js:112:3)\n    at newFn (C:\\Users\\Hp\\integration\\api\\node_modules\\express-async-errors\\index.js:16:20)\n    at Layer.handle [as handle_request] (C:\\Users\\Hp\\integration\\api\\node_modules\\express\\lib\\router\\layer.js:95:5)\n    at C:\\Users\\Hp\\integration\\api\\node_modules\\express\\lib\\router\\index.js:281:22\n    at Function.process_params (C:\\Users\\Hp\\integration\\api\\node_modules\\express\\lib\\router\\index.js:335:12)\n    at next (C:\\Users\\Hp\\integration\\api\\node_modules\\express\\lib\\router\\index.js:275:10)","level":"error","timestamp":"2022-10-23T22:36:49.566Z"}
{"message":"verifyPayment is not a function","stack":"TypeError: verifyPayment is not a function\n    at C:\\Users\\Hp\\integration\\api\\routes\\paystacks.js:27:3\n    at newFn (C:\\Users\\Hp\\integration\\api\\node_modules\\express-async-errors\\index.js:16:20)\n    at Layer.handle [as handle_request] (C:\\Users\\Hp\\integration\\api\\node_modules\\express\\lib\\router\\layer.js:95:5)\n    at next (C:\\Users\\Hp\\integration\\api\\node_modules\\express\\lib\\router\\route.js:137:13)\n    at Route.dispatch (C:\\Users\\Hp\\integration\\api\\node_modules\\express\\lib\\router\\route.js:112:3)\n    at newFn (C:\\Users\\Hp\\integration\\api\\node_modules\\express-async-errors\\index.js:16:20)\n    at Layer.handle [as handle_request] (C:\\Users\\Hp\\integration\\api\\node_modules\\express\\lib\\router\\layer.js:95:5)\n    at C:\\Users\\Hp\\integration\\api\\node_modules\\express\\lib\\router\\index.js:281:22\n    at Function.process_params (C:\\Users\\Hp\\integration\\api\\node_modules\\express\\lib\\router\\index.js:335:12)\n    at next (C:\\Users\\Hp\\integration\\api\\node_modules\\express\\lib\\router\\index.js:275:10)","level":"error","timestamp":"2022-10-23T22:39:54.823Z"}
{"message":"verifyPayment is not a function","stack":"TypeError: verifyPayment is not a function\n    at C:\\Users\\Hp\\integration\\api\\routes\\paystacks.js:27:3\n    at newFn (C:\\Users\\Hp\\integration\\api\\node_modules\\express-async-errors\\index.js:16:20)\n    at Layer.handle [as handle_request] (C:\\Users\\Hp\\integration\\api\\node_modules\\express\\lib\\router\\layer.js:95:5)\n    at next (C:\\Users\\Hp\\integration\\api\\node_modules\\express\\lib\\router\\route.js:137:13)\n    at Route.dispatch (C:\\Users\\Hp\\integration\\api\\node_modules\\express\\lib\\router\\route.js:112:3)\n    at newFn (C:\\Users\\Hp\\integration\\api\\node_modules\\express-async-errors\\index.js:16:20)\n    at Layer.handle [as handle_request] (C:\\Users\\Hp\\integration\\api\\node_modules\\express\\lib\\router\\layer.js:95:5)\n    at C:\\Users\\Hp\\integration\\api\\node_modules\\express\\lib\\router\\index.js:281:22\n    at Function.process_params (C:\\Users\\Hp\\integration\\api\\node_modules\\express\\lib\\router\\index.js:335:12)\n    at next (C:\\Users\\Hp\\integration\\api\\node_modules\\express\\lib\\router\\index.js:275:10)","level":"error","timestamp":"2022-10-23T23:14:09.590Z"}
{"level":"info","message":"Connected to mongodb://localhost/tommyfooties...","timestamp":"2022-10-23T23:38:42.048Z"}
{"message":"Unexpected token o in JSON at position 1","stack":"SyntaxError: Unexpected token o in JSON at position 1\n    at JSON.parse (<anonymous>)\n    at C:\\Users\\Hp\\integration\\api\\routes\\paystacks.js:65:19\n    at newFn (C:\\Users\\Hp\\integration\\api\\node_modules\\express-async-errors\\index.js:16:20)\n    at Layer.handle [as handle_request] (C:\\Users\\Hp\\integration\\api\\node_modules\\express\\lib\\router\\layer.js:95:5)\n    at next (C:\\Users\\Hp\\integration\\api\\node_modules\\express\\lib\\router\\route.js:137:13)\n    at Route.dispatch (C:\\Users\\Hp\\integration\\api\\node_modules\\express\\lib\\router\\route.js:112:3)\n    at newFn (C:\\Users\\Hp\\integration\\api\\node_modules\\express-async-errors\\index.js:16:20)\n    at Layer.handle [as handle_request] (C:\\Users\\Hp\\integration\\api\\node_modules\\express\\lib\\router\\layer.js:95:5)\n    at C:\\Users\\Hp\\integration\\api\\node_modules\\express\\lib\\router\\index.js:281:22\n    at Function.process_params (C:\\Users\\Hp\\integration\\api\\node_modules\\express\\lib\\router\\index.js:335:12)","level":"error","timestamp":"2022-10-23T23:39:13.496Z"}
{"level":"info","message":"Connected to mongodb://localhost/tommyfooties...","timestamp":"2022-10-24T18:09:31.832Z"}
{"level":"info","message":"Connected to mongodb://localhost/tommyfooties...","timestamp":"2022-10-25T05:53:41.276Z"}
{"level":"info","message":"Connected to mongodb://localhost/tommyfooties...","timestamp":"2022-10-25T06:27:45.182Z"}
{"level":"info","message":"Connected to mongodb://localhost/tommyfooties...","timestamp":"2022-10-25T06:34:25.625Z"}
{"level":"info","message":"Connected to mongodb://localhost/tommyfooties...","timestamp":"2022-10-25T08:00:57.123Z"}
{"message":"initializePayment is not a function","stack":"TypeError: initializePayment is not a function\n    at C:\\Users\\Hp\\integration\\api\\routes\\paystacks.js:19:3\n    at newFn (C:\\Users\\Hp\\integration\\api\\node_modules\\express-async-errors\\index.js:16:20)\n    at Layer.handle [as handle_request] (C:\\Users\\Hp\\integration\\api\\node_modules\\express\\lib\\router\\layer.js:95:5)\n    at next (C:\\Users\\Hp\\integration\\api\\node_modules\\express\\lib\\router\\route.js:137:13)\n    at Route.dispatch (C:\\Users\\Hp\\integration\\api\\node_modules\\express\\lib\\router\\route.js:112:3)\n    at newFn (C:\\Users\\Hp\\integration\\api\\node_modules\\express-async-errors\\index.js:16:20)\n    at Layer.handle [as handle_request] (C:\\Users\\Hp\\integration\\api\\node_modules\\express\\lib\\router\\layer.js:95:5)\n    at C:\\Users\\Hp\\integration\\api\\node_modules\\express\\lib\\router\\index.js:281:22\n    at Function.process_params (C:\\Users\\Hp\\integration\\api\\node_modules\\express\\lib\\router\\index.js:335:12)\n    at next (C:\\Users\\Hp\\integration\\api\\node_modules\\express\\lib\\router\\index.js:275:10)","level":"error","timestamp":"2022-10-25T08:01:08.140Z"}
{"level":"info","message":"Connected to mongodb://localhost/tommyfooties...","timestamp":"2022-10-25T08:09:41.335Z"}
{"level":"info","message":"Connected to mongodb://localhost/tommyfooties...","timestamp":"2022-10-25T09:50:00.758Z"}
{"message":"axios is not defined","stack":"ReferenceError: axios is not defined\n    at C:\\Users\\Hp\\integration\\api\\routes\\paystacks.js:78:3\n    at newFn (C:\\Users\\Hp\\integration\\api\\node_modules\\express-async-errors\\index.js:16:20)\n    at Layer.handle [as handle_request] (C:\\Users\\Hp\\integration\\api\\node_modules\\express\\lib\\router\\layer.js:95:5)\n    at next (C:\\Users\\Hp\\integration\\api\\node_modules\\express\\lib\\router\\route.js:137:13)\n    at Route.dispatch (C:\\Users\\Hp\\integration\\api\\node_modules\\express\\lib\\router\\route.js:112:3)\n    at newFn (C:\\Users\\Hp\\integration\\api\\node_modules\\express-async-errors\\index.js:16:20)\n    at Layer.handle [as handle_request] (C:\\Users\\Hp\\integration\\api\\node_modules\\express\\lib\\router\\layer.js:95:5)\n    at C:\\Users\\Hp\\integration\\api\\node_modules\\express\\lib\\router\\index.js:281:22\n    at param (C:\\Users\\Hp\\integration\\api\\node_modules\\express\\lib\\router\\index.js:354:14)\n    at param (C:\\Users\\Hp\\integration\\api\\node_modules\\express\\lib\\router\\index.js:365:14)","level":"error","timestamp":"2022-10-25T09:50:35.448Z"}
{"level":"info","message":"Connected to mongodb://localhost/tommyfooties...","timestamp":"2022-10-25T10:04:05.766Z"}
{"level":"info","message":"Connected to mongodb://localhost/tommyfooties...","timestamp":"2022-10-25T10:05:22.541Z"}
{"message":"axios is not defined","stack":"ReferenceError: axios is not defined\n    at C:\\Users\\Hp\\integration\\api\\routes\\paystacks.js:78:3\n    at newFn (C:\\Users\\Hp\\integration\\api\\node_modules\\express-async-errors\\index.js:16:20)\n    at Layer.handle [as handle_request] (C:\\Users\\Hp\\integration\\api\\node_modules\\express\\lib\\router\\layer.js:95:5)\n    at next (C:\\Users\\Hp\\integration\\api\\node_modules\\express\\lib\\router\\route.js:137:13)\n    at Route.dispatch (C:\\Users\\Hp\\integration\\api\\node_modules\\express\\lib\\router\\route.js:112:3)\n    at newFn (C:\\Users\\Hp\\integration\\api\\node_modules\\express-async-errors\\index.js:16:20)\n    at Layer.handle [as handle_request] (C:\\Users\\Hp\\integration\\api\\node_modules\\express\\lib\\router\\layer.js:95:5)\n    at C:\\Users\\Hp\\integration\\api\\node_modules\\express\\lib\\router\\index.js:281:22\n    at param (C:\\Users\\Hp\\integration\\api\\node_modules\\express\\lib\\router\\index.js:354:14)\n    at param (C:\\Users\\Hp\\integration\\api\\node_modules\\express\\lib\\router\\index.js:365:14)","level":"error","timestamp":"2022-10-25T10:05:51.892Z"}
{"level":"info","message":"Connected to mongodb://localhost/tommyfooties...","timestamp":"2022-10-25T10:08:36.397Z"}
{"message":"axios is not defined","stack":"ReferenceError: axios is not defined\n    at C:\\Users\\Hp\\integration\\api\\routes\\paystacks.js:78:3\n    at newFn (C:\\Users\\Hp\\integration\\api\\node_modules\\express-async-errors\\index.js:16:20)\n    at Layer.handle [as handle_request] (C:\\Users\\Hp\\integration\\api\\node_modules\\express\\lib\\router\\layer.js:95:5)\n    at next (C:\\Users\\Hp\\integration\\api\\node_modules\\express\\lib\\router\\route.js:137:13)\n    at Route.dispatch (C:\\Users\\Hp\\integration\\api\\node_modules\\express\\lib\\router\\route.js:112:3)\n    at newFn (C:\\Users\\Hp\\integration\\api\\node_modules\\express-async-errors\\index.js:16:20)\n    at Layer.handle [as handle_request] (C:\\Users\\Hp\\integration\\api\\node_modules\\express\\lib\\router\\layer.js:95:5)\n    at C:\\Users\\Hp\\integration\\api\\node_modules\\express\\lib\\router\\index.js:281:22\n    at param (C:\\Users\\Hp\\integration\\api\\node_modules\\express\\lib\\router\\index.js:354:14)\n    at param (C:\\Users\\Hp\\integration\\api\\node_modules\\express\\lib\\router\\index.js:365:14)","level":"error","timestamp":"2022-10-25T10:08:56.699Z"}
{"message":"axios is not defined","stack":"ReferenceError: axios is not defined\n    at C:\\Users\\Hp\\integration\\api\\routes\\paystacks.js:78:3\n    at newFn (C:\\Users\\Hp\\integration\\api\\node_modules\\express-async-errors\\index.js:16:20)\n    at Layer.handle [as handle_request] (C:\\Users\\Hp\\integration\\api\\node_modules\\express\\lib\\router\\layer.js:95:5)\n    at next (C:\\Users\\Hp\\integration\\api\\node_modules\\express\\lib\\router\\route.js:137:13)\n    at Route.dispatch (C:\\Users\\Hp\\integration\\api\\node_modules\\express\\lib\\router\\route.js:112:3)\n    at newFn (C:\\Users\\Hp\\integration\\api\\node_modules\\express-async-errors\\index.js:16:20)\n    at Layer.handle [as handle_request] (C:\\Users\\Hp\\integration\\api\\node_modules\\express\\lib\\router\\layer.js:95:5)\n    at C:\\Users\\Hp\\integration\\api\\node_modules\\express\\lib\\router\\index.js:281:22\n    at param (C:\\Users\\Hp\\integration\\api\\node_modules\\express\\lib\\router\\index.js:354:14)\n    at param (C:\\Users\\Hp\\integration\\api\\node_modules\\express\\lib\\router\\index.js:365:14)","level":"error","timestamp":"2022-10-25T10:12:15.971Z"}
{"message":"axios is not defined","stack":"ReferenceError: axios is not defined\n    at C:\\Users\\Hp\\integration\\api\\routes\\paystacks.js:78:3\n    at newFn (C:\\Users\\Hp\\integration\\api\\node_modules\\express-async-errors\\index.js:16:20)\n    at Layer.handle [as handle_request] (C:\\Users\\Hp\\integration\\api\\node_modules\\express\\lib\\router\\layer.js:95:5)\n    at next (C:\\Users\\Hp\\integration\\api\\node_modules\\express\\lib\\router\\route.js:137:13)\n    at Route.dispatch (C:\\Users\\Hp\\integration\\api\\node_modules\\express\\lib\\router\\route.js:112:3)\n    at newFn (C:\\Users\\Hp\\integration\\api\\node_modules\\express-async-errors\\index.js:16:20)\n    at Layer.handle [as handle_request] (C:\\Users\\Hp\\integration\\api\\node_modules\\express\\lib\\router\\layer.js:95:5)\n    at C:\\Users\\Hp\\integration\\api\\node_modules\\express\\lib\\router\\index.js:281:22\n    at param (C:\\Users\\Hp\\integration\\api\\node_modules\\express\\lib\\router\\index.js:354:14)\n    at param (C:\\Users\\Hp\\integration\\api\\node_modules\\express\\lib\\router\\index.js:365:14)","level":"error","timestamp":"2022-10-25T10:17:54.008Z"}
{"level":"info","message":"Connected to mongodb://localhost/tommyfooties...","timestamp":"2022-10-25T10:24:51.169Z"}
{"message":"axios is not defined","stack":"ReferenceError: axios is not defined\n    at C:\\Users\\Hp\\integration\\api\\routes\\paystacks.js:78:3\n    at newFn (C:\\Users\\Hp\\integration\\api\\node_modules\\express-async-errors\\index.js:16:20)\n    at Layer.handle [as handle_request] (C:\\Users\\Hp\\integration\\api\\node_modules\\express\\lib\\router\\layer.js:95:5)\n    at next (C:\\Users\\Hp\\integration\\api\\node_modules\\express\\lib\\router\\route.js:137:13)\n    at Route.dispatch (C:\\Users\\Hp\\integration\\api\\node_modules\\express\\lib\\router\\route.js:112:3)\n    at newFn (C:\\Users\\Hp\\integration\\api\\node_modules\\express-async-errors\\index.js:16:20)\n    at Layer.handle [as handle_request] (C:\\Users\\Hp\\integration\\api\\node_modules\\express\\lib\\router\\layer.js:95:5)\n    at C:\\Users\\Hp\\integration\\api\\node_modules\\express\\lib\\router\\index.js:281:22\n    at param (C:\\Users\\Hp\\integration\\api\\node_modules\\express\\lib\\router\\index.js:354:14)\n    at param (C:\\Users\\Hp\\integration\\api\\node_modules\\express\\lib\\router\\index.js:365:14)","level":"error","timestamp":"2022-10-25T10:25:13.923Z"}
{"level":"info","message":"Connected to mongodb://localhost/tommyfooties...","timestamp":"2022-10-25T10:33:30.739Z"}
{"level":"info","message":"Connected to mongodb://localhost/tommyfooties...","timestamp":"2022-10-25T10:36:46.167Z"}
{"message":"UserInputError is not defined","stack":"ReferenceError: UserInputError is not defined\n    at C:\\Users\\Hp\\integration\\api\\routes\\paystacks.js:98:5\n    at processTicksAndRejections (node:internal/process/task_queues:96:5)","level":"error","timestamp":"2022-10-25T10:37:14.174Z"}
{"level":"info","message":"Connected to mongodb://localhost/tommyfooties...","timestamp":"2022-10-25T10:38:14.394Z"}
{"message":"Error verifying payment, 'unknown Transaction Reference Id'","stack":"Error: Error verifying payment, 'unknown Transaction Reference Id'\n    at C:\\Users\\Hp\\integration\\api\\routes\\paystacks.js:98:11\n    at processTicksAndRejections (node:internal/process/task_queues:96:5)","level":"error","timestamp":"2022-10-25T10:38:38.353Z"}
{"level":"info","message":"Connected to mongodb://localhost/tommyfooties...","timestamp":"2022-10-25T10:40:01.977Z"}
{"message":"Error verifying payment, 'unknown Transaction Reference Id'","stack":"Error: Error verifying payment, 'unknown Transaction Reference Id'\n    at C:\\Users\\Hp\\integration\\api\\routes\\paystacks.js:98:11\n    at processTicksAndRejections (node:internal/process/task_queues:96:5)","level":"error","timestamp":"2022-10-25T10:40:32.265Z"}
{"level":"info","message":"Connected to mongodb://localhost/tommyfooties...","timestamp":"2022-10-25T10:42:01.398Z"}
{"message":"Error verifying payment, 'unknown Transaction Reference Id'","stack":"Error: Error verifying payment, 'unknown Transaction Reference Id'\n    at C:\\Users\\Hp\\integration\\api\\routes\\paystacks.js:96:11\n    at processTicksAndRejections (node:internal/process/task_queues:96:5)","level":"error","timestamp":"2022-10-25T10:42:16.281Z"}
{"level":"info","message":"Connected to mongodb://localhost/tommyfooties...","timestamp":"2022-10-25T10:44:03.451Z"}
{"message":"Error verifying payment, 'unknown Transaction Reference Id'","stack":"Error: Error verifying payment, 'unknown Transaction Reference Id'\n    at C:\\Users\\Hp\\integration\\api\\routes\\paystacks.js:97:11\n    at processTicksAndRejections (node:internal/process/task_queues:96:5)","level":"error","timestamp":"2022-10-25T10:44:48.514Z"}
{"level":"info","message":"Connected to mongodb://localhost/tommyfooties...","timestamp":"2022-10-25T10:50:27.061Z"}
{"message":"Cannot read properties of undefined (reading 'status')","stack":"TypeError: Cannot read properties of undefined (reading 'status')\n    at C:\\Users\\Hp\\integration\\api\\routes\\paystacks.js:96:30\n    at processTicksAndRejections (node:internal/process/task_queues:96:5)","level":"error","timestamp":"2022-10-25T10:50:50.027Z"}
{"level":"info","message":"Connected to mongodb://localhost/tommyfooties...","timestamp":"2022-10-25T10:52:29.634Z"}
{"level":"info","message":"Connected to mongodb://localhost/tommyfooties...","timestamp":"2022-10-25T10:53:54.502Z"}
{"message":"Cannot read properties of undefined (reading 'status')","stack":"TypeError: Cannot read properties of undefined (reading 'status')\n    at C:\\Users\\Hp\\integration\\api\\routes\\paystacks.js:96:30\n    at processTicksAndRejections (node:internal/process/task_queues:96:5)","level":"error","timestamp":"2022-10-25T10:54:39.166Z"}
{"level":"info","message":"Connected to mongodb://localhost/tommyfooties...","timestamp":"2022-10-25T10:56:45.045Z"}
{"message":"Cannot read properties of undefined (reading 'status')","stack":"TypeError: Cannot read properties of undefined (reading 'status')\n    at C:\\Users\\Hp\\integration\\api\\routes\\paystacks.js:96:30\n    at processTicksAndRejections (node:internal/process/task_queues:96:5)","level":"error","timestamp":"2022-10-25T10:57:00.678Z"}
{"level":"info","message":"Connected to mongodb://localhost/tommyfooties...","timestamp":"2022-10-25T11:09:31.022Z"}
{"message":"Error verifying payment, 'unknown Transaction Reference Id'","stack":"Error: Error verifying payment, 'unknown Transaction Reference Id'\n    at C:\\Users\\Hp\\integration\\api\\routes\\paystacks.js:100:11\n    at processTicksAndRejections (node:internal/process/task_queues:96:5)","level":"error","timestamp":"2022-10-25T11:09:56.681Z"}
{"level":"info","message":"Connected to mongodb://localhost/tommyfooties...","timestamp":"2022-10-25T11:11:39.863Z"}
{"message":"Error verifying payment, 'unknown Transaction Reference Id'","stack":"Error: Error verifying payment, 'unknown Transaction Reference Id'\n    at C:\\Users\\Hp\\integration\\api\\routes\\paystacks.js:100:11\n    at processTicksAndRejections (node:internal/process/task_queues:96:5)","level":"error","timestamp":"2022-10-25T11:11:53.356Z"}
{"level":"info","message":"Connected to mongodb://localhost/tommyfooties...","timestamp":"2022-10-25T11:35:23.765Z"}
{"message":"Error verifying payment, 'unknown Transaction Reference Id'","stack":"Error: Error verifying payment, 'unknown Transaction Reference Id'\n    at C:\\Users\\Hp\\integration\\api\\routes\\paystacks.js:101:11\n    at processTicksAndRejections (node:internal/process/task_queues:96:5)","level":"error","timestamp":"2022-10-25T11:36:15.221Z"}
{"level":"info","message":"Connected to mongodb://localhost/tommyfooties...","timestamp":"2022-10-25T11:39:17.509Z"}
{"message":"Error verifying payment, 'unknown Transaction Reference Id'","stack":"Error: Error verifying payment, 'unknown Transaction Reference Id'\n    at C:\\Users\\Hp\\integration\\api\\routes\\paystacks.js:106:11\n    at processTicksAndRejections (node:internal/process/task_queues:96:5)","level":"error","timestamp":"2022-10-25T11:41:58.161Z"}
{"level":"info","message":"Connected to mongodb://localhost/tommyfooties...","timestamp":"2022-10-25T11:45:48.953Z"}
{"message":"Error verifying payment, 'unknown Transaction Reference Id'","stack":"Error: Error verifying payment, 'unknown Transaction Reference Id'\n    at C:\\Users\\Hp\\integration\\api\\routes\\paystacks.js:107:11\n    at processTicksAndRejections (node:internal/process/task_queues:96:5)","level":"error","timestamp":"2022-10-25T11:46:07.938Z"}
{"level":"info","message":"Connected to mongodb://localhost/tommyfooties...","timestamp":"2022-10-25T11:48:29.280Z"}
{"message":"Error verifying payment, 'unknown Transaction Reference Id'","stack":"Error: Error verifying payment, 'unknown Transaction Reference Id'\n    at C:\\Users\\Hp\\integration\\api\\routes\\paystacks.js:107:11\n    at processTicksAndRejections (node:internal/process/task_queues:96:5)","level":"error","timestamp":"2022-10-25T11:48:45.706Z"}
{"level":"info","message":"Connected to mongodb://localhost/tommyfooties...","timestamp":"2022-10-25T11:49:17.518Z"}
{"message":"Error verifying payment, 'unknown Transaction Reference Id'","stack":"Error: Error verifying payment, 'unknown Transaction Reference Id'\n    at C:\\Users\\Hp\\integration\\api\\routes\\paystacks.js:108:11\n    at processTicksAndRejections (node:internal/process/task_queues:96:5)","level":"error","timestamp":"2022-10-25T11:49:27.427Z"}
{"level":"info","message":"Connected to mongodb://localhost/tommyfooties...","timestamp":"2022-10-25T12:01:29.082Z"}
{"message":"Cannot read properties of undefined (reading 'status')","stack":"TypeError: Cannot read properties of undefined (reading 'status')\n    at C:\\Users\\Hp\\integration\\api\\routes\\paystacks.js:100:31\n    at processTicksAndRejections (node:internal/process/task_queues:96:5)\n    at async C:\\Users\\Hp\\integration\\api\\routes\\paystacks.js:84:3","level":"error","timestamp":"2022-10-25T12:14:12.874Z"}
{"message":"Cannot read properties of undefined (reading 'status')","stack":"TypeError: Cannot read properties of undefined (reading 'status')\n    at C:\\Users\\Hp\\integration\\api\\routes\\paystacks.js:100:31\n    at processTicksAndRejections (node:internal/process/task_queues:96:5)\n    at async C:\\Users\\Hp\\integration\\api\\routes\\paystacks.js:84:3","level":"error","timestamp":"2022-10-25T12:14:58.614Z"}
{"message":"Cannot read properties of undefined (reading 'status')","stack":"TypeError: Cannot read properties of undefined (reading 'status')\n    at C:\\Users\\Hp\\integration\\api\\routes\\paystacks.js:100:31\n    at processTicksAndRejections (node:internal/process/task_queues:96:5)\n    at async C:\\Users\\Hp\\integration\\api\\routes\\paystacks.js:84:3","level":"error","timestamp":"2022-10-25T12:15:27.877Z"}
{"message":"Cannot read properties of undefined (reading 'status')","stack":"TypeError: Cannot read properties of undefined (reading 'status')\n    at C:\\Users\\Hp\\integration\\api\\routes\\paystacks.js:100:31\n    at processTicksAndRejections (node:internal/process/task_queues:96:5)\n    at async C:\\Users\\Hp\\integration\\api\\routes\\paystacks.js:84:3","level":"error","timestamp":"2022-10-25T12:16:04.089Z"}
{"message":"Cannot read properties of undefined (reading 'status')","stack":"TypeError: Cannot read properties of undefined (reading 'status')\n    at C:\\Users\\Hp\\integration\\api\\routes\\paystacks.js:100:31\n    at processTicksAndRejections (node:internal/process/task_queues:96:5)\n    at async C:\\Users\\Hp\\integration\\api\\routes\\paystacks.js:84:3","level":"error","timestamp":"2022-10-25T12:21:03.922Z"}
{"message":"Cannot read properties of undefined (reading 'status')","stack":"TypeError: Cannot read properties of undefined (reading 'status')\n    at C:\\Users\\Hp\\integration\\api\\routes\\paystacks.js:100:31\n    at processTicksAndRejections (node:internal/process/task_queues:96:5)\n    at async C:\\Users\\Hp\\integration\\api\\routes\\paystacks.js:84:3","level":"error","timestamp":"2022-10-25T12:21:04.392Z"}
{"message":"Cannot read properties of undefined (reading 'status')","stack":"TypeError: Cannot read properties of undefined (reading 'status')\n    at C:\\Users\\Hp\\integration\\api\\routes\\paystacks.js:100:31\n    at processTicksAndRejections (node:internal/process/task_queues:96:5)\n    at async C:\\Users\\Hp\\integration\\api\\routes\\paystacks.js:84:3","level":"error","timestamp":"2022-10-25T12:21:04.415Z"}
{"message":"Cannot read properties of undefined (reading 'status')","stack":"TypeError: Cannot read properties of undefined (reading 'status')\n    at C:\\Users\\Hp\\integration\\api\\routes\\paystacks.js:100:31\n    at processTicksAndRejections (node:internal/process/task_queues:96:5)\n    at async C:\\Users\\Hp\\integration\\api\\routes\\paystacks.js:84:3","level":"error","timestamp":"2022-10-25T12:21:04.439Z"}
{"level":"info","message":"Connected to mongodb://localhost/tommyfooties...","timestamp":"2022-10-25T12:22:11.695Z"}
{"message":"Error verifying payment, 'unknown Transaction Reference Id'","stack":"Error: Error verifying payment, 'unknown Transaction Reference Id'\n    at C:\\Users\\Hp\\integration\\api\\routes\\paystacks.js:110:11\n    at processTicksAndRejections (node:internal/process/task_queues:96:5)","level":"error","timestamp":"2022-10-25T12:22:49.308Z"}
{"level":"info","message":"Connected to mongodb://localhost/tommyfooties...","timestamp":"2022-10-25T12:23:30.246Z"}
{"message":"Error verifying payment, 'unknown Transaction Reference Id'","stack":"Error: Error verifying payment, 'unknown Transaction Reference Id'\n    at C:\\Users\\Hp\\integration\\api\\routes\\paystacks.js:111:11\n    at processTicksAndRejections (node:internal/process/task_queues:96:5)","level":"error","timestamp":"2022-10-25T12:23:44.857Z"}
{"level":"info","message":"Connected to mongodb://localhost/tommyfooties...","timestamp":"2022-10-25T12:30:54.632Z"}
{"message":"Error verifying payment, 'unknown Transaction Reference Id'","stack":"Error: Error verifying payment, 'unknown Transaction Reference Id'\n    at C:\\Users\\Hp\\integration\\api\\routes\\paystacks.js:112:11\n    at processTicksAndRejections (node:internal/process/task_queues:96:5)","level":"error","timestamp":"2022-10-25T12:31:29.521Z"}
{"level":"info","message":"Connected to mongodb://localhost/tommyfooties...","timestamp":"2022-10-25T12:33:00.216Z"}
{"message":"Error verifying payment, 'unknown Transaction Reference Id'","stack":"Error: Error verifying payment, 'unknown Transaction Reference Id'\n    at C:\\Users\\Hp\\integration\\api\\routes\\paystacks.js:112:11\n    at processTicksAndRejections (node:internal/process/task_queues:96:5)","level":"error","timestamp":"2022-10-25T12:33:40.737Z"}
{"level":"info","message":"Connected to mongodb://localhost/tommyfooties...","timestamp":"2022-10-25T12:45:54.834Z"}
{"message":"Error verifying payment, 'unknown Transaction Reference Id'","stack":"Error: Error verifying payment, 'unknown Transaction Reference Id'\n    at C:\\Users\\Hp\\integration\\api\\routes\\paystacks.js:110:11\n    at processTicksAndRejections (node:internal/process/task_queues:96:5)","level":"error","timestamp":"2022-10-25T12:46:16.856Z"}
{"level":"info","message":"Connected to mongodb://localhost/tommyfooties...","timestamp":"2022-10-25T12:57:10.863Z"}
{"message":"Error verifying payment, 'unknown Transaction Reference Id'","stack":"Error: Error verifying payment, 'unknown Transaction Reference Id'\n    at C:\\Users\\Hp\\integration\\api\\routes\\paystacks.js:110:11\n    at processTicksAndRejections (node:internal/process/task_queues:96:5)","level":"error","timestamp":"2022-10-25T12:57:38.842Z"}
{"level":"info","message":"Connected to mongodb://localhost/tommyfooties...","timestamp":"2022-10-25T13:04:05.843Z"}
{"message":"Error verifying payment, 'unknown Transaction Reference Id'","stack":"Error: Error verifying payment, 'unknown Transaction Reference Id'\n    at C:\\Users\\Hp\\integration\\api\\routes\\paystacks.js:110:11\n    at processTicksAndRejections (node:internal/process/task_queues:96:5)","level":"error","timestamp":"2022-10-25T13:04:40.624Z"}
{"level":"info","message":"Connected to mongodb://localhost/tommyfooties...","timestamp":"2022-10-26T06:18:48.228Z"}
{"message":"Error verifying payment, 'unknown Transaction Reference Id'","stack":"Error: Error verifying payment, 'unknown Transaction Reference Id'\n    at C:\\Users\\Hp\\integration\\api\\routes\\paystacks.js:110:11\n    at processTicksAndRejections (node:internal/process/task_queues:96:5)","level":"error","timestamp":"2022-10-26T06:24:54.793Z"}
{"message":"Error verifying payment, 'unknown Transaction Reference Id'","stack":"Error: Error verifying payment, 'unknown Transaction Reference Id'\n    at C:\\Users\\Hp\\integration\\api\\routes\\paystacks.js:110:11\n    at processTicksAndRejections (node:internal/process/task_queues:96:5)","level":"error","timestamp":"2022-10-26T06:26:18.469Z"}
{"level":"info","message":"Connected to mongodb://localhost/tommyfooties...","timestamp":"2022-10-26T06:48:09.685Z"}
{"message":"Cannot read properties of undefined (reading 'response')","stack":"TypeError: Cannot read properties of undefined (reading 'response')\n    at C:\\Users\\Hp\\integration\\api\\routes\\paystacks.js:107:15\n    at processTicksAndRejections (node:internal/process/task_queues:96:5)","level":"error","timestamp":"2022-10-26T06:51:23.745Z"}
{"level":"info","message":"Connected to mongodb://localhost/tommyfooties...","timestamp":"2022-10-26T06:54:37.772Z"}
{"message":"Cannot read properties of undefined (reading 'status')","stack":"TypeError: Cannot read properties of undefined (reading 'status')\n    at C:\\Users\\Hp\\integration\\api\\routes\\paystacks.js:107:25\n    at processTicksAndRejections (node:internal/process/task_queues:96:5)","level":"error","timestamp":"2022-10-26T06:54:59.107Z"}
{"level":"info","message":"Connected to mongodb://localhost/tommyfooties...","timestamp":"2022-10-26T06:56:05.601Z"}
{"message":"Cannot read properties of undefined (reading 'data')","stack":"TypeError: Cannot read properties of undefined (reading 'data')\n    at C:\\Users\\Hp\\integration\\api\\routes\\paystacks.js:107:25\n    at processTicksAndRejections (node:internal/process/task_queues:96:5)","level":"error","timestamp":"2022-10-26T06:56:38.396Z"}
{"level":"info","message":"Connected to mongodb://localhost/tommyfooties...","timestamp":"2022-10-26T06:58:35.705Z"}
{"message":"Cannot read properties of undefined (reading 'data')","stack":"TypeError: Cannot read properties of undefined (reading 'data')\n    at C:\\Users\\Hp\\integration\\api\\routes\\paystacks.js:109:14\n    at processTicksAndRejections (node:internal/process/task_queues:96:5)","level":"error","timestamp":"2022-10-26T06:59:03.283Z"}
{"level":"info","message":"Connected to mongodb://localhost/tommyfooties...","timestamp":"2022-10-26T07:00:12.589Z"}
{"message":"Cannot read properties of undefined (reading 'data')","stack":"TypeError: Cannot read properties of undefined (reading 'data')\n    at C:\\Users\\Hp\\integration\\api\\routes\\paystacks.js:109:14\n    at processTicksAndRejections (node:internal/process/task_queues:96:5)","level":"error","timestamp":"2022-10-26T07:00:35.291Z"}
{"level":"info","message":"Connected to mongodb://localhost/tommyfooties...","timestamp":"2022-10-26T07:10:21.197Z"}
{"level":"info","message":"Connected to mongodb://localhost/tommyfooties...","timestamp":"2022-10-26T07:15:04.165Z"}
{"level":"info","message":"Connected to mongodb://localhost/tommyfooties...","timestamp":"2022-10-26T07:18:15.412Z"}
{"level":"info","message":"Connected to mongodb://localhost/tommyfooties...","timestamp":"2022-10-26T07:22:35.172Z"}
{"level":"info","message":"Connected to mongodb://localhost/tommyfooties...","timestamp":"2022-10-26T07:28:44.037Z"}
{"level":"info","message":"Connected to mongodb://localhost/tommyfooties...","timestamp":"2022-10-26T07:32:33.946Z"}
{"level":"info","message":"Connected to mongodb://localhost/tommyfooties...","timestamp":"2022-10-26T07:34:14.921Z"}
{"message":"Cannot read properties of undefined (reading 'data')","stack":"TypeError: Cannot read properties of undefined (reading 'data')\n    at C:\\Users\\Hp\\integration\\api\\routes\\paystacks.js:107:25\n    at processTicksAndRejections (node:internal/process/task_queues:96:5)","level":"error","timestamp":"2022-10-26T07:34:28.350Z"}
{"message":"Cannot read properties of undefined (reading 'data')","stack":"TypeError: Cannot read properties of undefined (reading 'data')\n    at C:\\Users\\Hp\\integration\\api\\routes\\paystacks.js:107:25\n    at processTicksAndRejections (node:internal/process/task_queues:96:5)","level":"error","timestamp":"2022-10-26T07:35:06.814Z"}
{"level":"info","message":"Connected to mongodb://localhost/tommyfooties...","timestamp":"2022-10-26T07:35:24.822Z"}
{"level":"info","message":"Connected to mongodb://localhost/tommyfooties...","timestamp":"2022-10-26T07:36:39.618Z"}
{"level":"info","message":"Connected to mongodb://localhost/tommyfooties...","timestamp":"2022-10-26T07:42:26.639Z"}
{"level":"info","message":"Connected to mongodb://localhost/tommyfooties...","timestamp":"2022-10-26T07:46:07.937Z"}
{"level":"info","message":"Connected to mongodb://localhost/tommyfooties...","timestamp":"2022-10-26T07:50:27.138Z"}
{"message":"response is not defined","stack":"ReferenceError: response is not defined\n    at C:\\Users\\Hp\\integration\\api\\routes\\paystacks.js:116:3\n    at processTicksAndRejections (node:internal/process/task_queues:96:5)","level":"error","timestamp":"2022-10-26T07:50:40.257Z"}
{"level":"info","message":"Connected to mongodb://localhost/tommyfooties...","timestamp":"2022-10-26T07:53:24.317Z"}
{"message":"output.data.data.status is not a function","stack":"TypeError: output.data.data.status is not a function\n    at C:\\Users\\Hp\\integration\\api\\routes\\paystacks.js:113:20\n    at processTicksAndRejections (node:internal/process/task_queues:96:5)","level":"error","timestamp":"2022-10-26T07:53:41.404Z"}
{"level":"info","message":"Connected to mongodb://localhost/tommyfooties...","timestamp":"2022-10-26T07:55:33.704Z"}
{"message":"output.data.data.status is not a function","stack":"TypeError: output.data.data.status is not a function\n    at C:\\Users\\Hp\\integration\\api\\routes\\paystacks.js:113:20\n    at processTicksAndRejections (node:internal/process/task_queues:96:5)","level":"error","timestamp":"2022-10-26T07:55:51.790Z"}
{"level":"info","message":"Connected to mongodb://localhost/tommyfooties...","timestamp":"2022-10-26T07:58:00.046Z"}
{"level":"info","message":"Connected to mongodb://localhost/tommyfooties...","timestamp":"2022-10-26T12:28:06.093Z"}
{"level":"info","message":"Connected to mongodb://localhost/tommyfooties...","timestamp":"2022-10-26T13:31:42.125Z"}
